<?xml version="1.0" encoding="UTF-8"?>
<!-- Generated by org.testng.reporters.JUnitReportReporter -->
<testsuite skipped="0" hostname="LAPTOP-CJ63G7LO" name="com.amita.qa.Test.DonationTest" tests="1" failures="0" timestamp="2023-05-25T21:35:38 CDT" time="13.659" errors="0">
  <testcase name="DonateTest" time="13.659" classname="com.amita.qa.Test.DonationTest"/>
  <system-out/>
</testsuite> <!-- com.amita.qa.Test.DonationTest -->
