<?xml version="1.0" encoding="UTF-8"?>
<!-- Generated by org.testng.reporters.JUnitReportReporter -->
<testsuite skipped="0" hostname="LAPTOP-CJ63G7LO" name="com.amita.qa.Test.MainPageTest" tests="3" failures="0" timestamp="2023-05-12T20:14:24 CDT" time="15.730" errors="0">
  <testcase name="mainPageTitleTest" time="4.364" classname="com.amita.qa.Test.MainPageTest"/>
  <system-out/>
  <testcase name="logoTest" time="5.212" classname="com.amita.qa.Test.MainPageTest"/>
  <system-out/>
  <testcase name="MainPageTest" time="6.154" classname="com.amita.qa.Test.MainPageTest"/>
  <system-out/>
</testsuite> <!-- com.amita.qa.Test.MainPageTest -->
