<?xml version="1.0" encoding="UTF-8"?>
<!-- Generated by org.testng.reporters.JUnitReportReporter -->
<testsuite skipped="0" hostname="LAPTOP-CJ63G7LO" name="com.amita.qa.Test.SpecialtyCarePageTest" tests="1" failures="0" timestamp="2023-05-20T20:48:08 CDT" time="9.152" errors="0">
  <testcase name="LocationPageTest" time="9.152" classname="com.amita.qa.Test.SpecialtyCarePageTest"/>
  <system-out/>
</testsuite> <!-- com.amita.qa.Test.SpecialtyCarePageTest -->
